<?xml version="1.0" encoding="UTF-8"?>
<!-- Generated by org.testng.reporters.JUnitXMLReporter -->
<testsuite ignored="0" hostname="DESKTOP-SE8A5VV" failures="0" tests="9" name="Free CRM app test cases" time="128.388" errors="0" timestamp="2026-06-18T00:18:54 IST">
  <testcase classname="com.crm.qa.testcases.ContactsPageTest" name="verifyContactsLabelTest" time="0.066"/>
  <testcase classname="com.crm.qa.testcases.ContactsPageTest" name="verifyCreateBtnFunc" time="0.182"/>
  <testcase classname="com.crm.qa.testcases.HomePageTest" name="verifyHomePageTitleTest" time="0.014"/>
  <testcase classname="com.crm.qa.testcases.HomePageTest" name="verifyCorrectUserName" time="2.352"/>
  <testcase classname="com.crm.qa.testcases.HomePageTest" name="verifyContactsLinkTest" time="3.19"/>
  <testcase classname="com.crm.qa.testcases.HomePageTest" name="verifyDealssLinkTest" time="3.014"/>
  <testcase classname="com.crm.qa.testcases.HomePageTest" name="verifyTasksLinkTest" time="2.299"/>
  <testcase classname="com.crm.qa.testcases.LoginPageTest" name="loginPageTitleTest" time="0.015"/>
  <testcase classname="com.crm.qa.testcases.LoginPageTest" name="loginTest" time="0.524"/>
</testsuite> <!-- Free CRM app test cases -->
