<?xml version="1.0" encoding="UTF-8"?>
<testsuite xmlns:xsi="http://www.w3.org/2001/XMLSchema-instance" xsi:noNamespaceSchemaLocation="https://maven.apache.org/surefire/maven-surefire-plugin/xsd/surefire-test-report.xsd" version="3.0.1" name="TestSuite" time="126.551" tests="11" errors="0" skipped="0" failures="0">
  <properties>
[...]
</properties>
  <testcase name="verifyContactsLabelTest" classname="com.crm.qa.testcases.ContactsPageTest" time="0.033">
    <system-err><![CDATA[SLF4J(W): No SLF4J providers were found.
SLF4J(W): Defaulting to no-operation (NOP) logger implementation
SLF4J(W): See https://www.slf4j.org/codes.html#noProviders for further details.
]]></system-err>
  </testcase>
  <testcase name="validateCreateNewContact[Tom, Peter](1)" classname="com.crm.qa.testcases.ContactsPageTest" time="0.835">
    <system-out><![CDATA[2026-06-19T16:49:41.659332600Z main ERROR Log4j API could not find a logging provider.
]]></system-out>
  </testcase>
  <testcase name="validateCreateNewContact[David, Cris](2)" classname="com.crm.qa.testcases.ContactsPageTest" time="0.832"/>
  <testcase name="validateCreateNewContact[Sushma, Soni](3)" classname="com.crm.qa.testcases.ContactsPageTest" time="1.024"/>
  <testcase name="verifyHomePageTitleTest" classname="com.crm.qa.testcases.HomePageTest" time="0.063"/>
  <testcase name="verifyCorrectUserName" classname="com.crm.qa.testcases.HomePageTest" time="3.811"/>
  <testcase name="verifyContactsLinkTest" classname="com.crm.qa.testcases.HomePageTest" time="5.119"/>
  <testcase name="verifyDealssLinkTest" classname="com.crm.qa.testcases.HomePageTest" time="2.464"/>
  <testcase name="verifyTasksLinkTest" classname="com.crm.qa.testcases.HomePageTest" time="2.761"/>
  <testcase name="loginPageTitleTest" classname="com.crm.qa.testcases.LoginPageTest" time="0.009"/>
  <testcase name="loginTest" classname="com.crm.qa.testcases.LoginPageTest" time="0.263"/>
</testsuite>