<?xml version="1.0" encoding="UTF-8"?>
<testng-results ignored="0" total="11" passed="11" failed="0" skipped="0">
  <reporter-output>
  </reporter-output>
  <suite started-at="2026-06-19T22:19:27 IST" name="Surefire suite" finished-at="2026-06-19T22:21:33 IST" duration-ms="125826">
    <groups>
    </groups>
    <test started-at="2026-06-19T22:19:27 IST" name="Surefire test" finished-at="2026-06-19T22:21:33 IST" duration-ms="125826">
      <class name="com.crm.qa.testcases.HomePageTest">
        <test-method is-config="true" signature="setUp()[pri:0, instance:com.crm.qa.testcases.HomePageTest@4b44655e]" started-at="2026-06-19T22:20:19 IST" name="setUp" finished-at="2026-06-19T22:20:27 IST" duration-ms="8810" status="PASS">
          <reporter-output>
          </reporter-output>
        </test-method> <!-- setUp -->
        <test-method signature="verifyHomePageTitleTest()[pri:1, instance:com.crm.qa.testcases.HomePageTest@4b44655e]" started-at="2026-06-19T22:20:27 IST" name="verifyHomePageTitleTest" finished-at="2026-06-19T22:20:27 IST" duration-ms="57" status="PASS">
          <reporter-output>
          </reporter-output>
        </test-method> <!-- verifyHomePageTitleTest -->
        <test-method is-config="true" signature="tearDown()[pri:0, instance:com.crm.qa.testcases.HomePageTest@4b44655e]" started-at="2026-06-19T22:20:27 IST" name="tearDown" finished-at="2026-06-19T22:20:28 IST" duration-ms="199" status="PASS">
          <reporter-output>
          </reporter-output>
        </test-method> <!-- tearDown -->
        <test-method is-config="true" signature="setUp()[pri:0, instance:com.crm.qa.testcases.HomePageTest@4b44655e]" started-at="2026-06-19T22:20:28 IST" name="setUp" finished-at="2026-06-19T22:20:35 IST" duration-ms="7356" status="PASS">
          <reporter-output>
          </reporter-output>
        </test-method> <!-- setUp -->
        <test-method signature="verifyCorrectUserName()[pri:2, instance:com.crm.qa.testcases.HomePageTest@4b44655e]" started-at="2026-06-19T22:20:35 IST" name="verifyCorrectUserName" finished-at="2026-06-19T22:20:39 IST" duration-ms="3810" status="PASS">
          <reporter-output>
          </reporter-output>
        </test-method> <!-- verifyCorrectUserName -->
        <test-method is-config="true" signature="tearDown()[pri:0, instance:com.crm.qa.testcases.HomePageTest@4b44655e]" started-at="2026-06-19T22:20:39 IST" name="tearDown" finished-at="2026-06-19T22:20:39 IST" duration-ms="217" status="PASS">
          <reporter-output>
          </reporter-output>
        </test-method> <!-- tearDown -->
        <test-method is-config="true" signature="setUp()[pri:0, instance:com.crm.qa.testcases.HomePageTest@4b44655e]" started-at="2026-06-19T22:20:39 IST" name="setUp" finished-at="2026-06-19T22:20:47 IST" duration-ms="7892" status="PASS">
          <reporter-output>
          </reporter-output>
        </test-method> <!-- setUp -->
        <test-method signature="verifyContactsLinkTest()[pri:3, instance:com.crm.qa.testcases.HomePageTest@4b44655e]" started-at="2026-06-19T22:20:47 IST" name="verifyContactsLinkTest" finished-at="2026-06-19T22:20:52 IST" duration-ms="5118" status="PASS">
          <reporter-output>
          </reporter-output>
        </test-method> <!-- verifyContactsLinkTest -->
        <test-method is-config="true" signature="tearDown()[pri:0, instance:com.crm.qa.testcases.HomePageTest@4b44655e]" started-at="2026-06-19T22:20:52 IST" name="tearDown" finished-at="2026-06-19T22:20:52 IST" duration-ms="261" status="PASS">
          <reporter-output>
          </reporter-output>
        </test-method> <!-- tearDown -->
        <test-method is-config="true" signature="setUp()[pri:0, instance:com.crm.qa.testcases.HomePageTest@4b44655e]" started-at="2026-06-19T22:20:52 IST" name="setUp" finished-at="2026-06-19T22:21:00 IST" duration-ms="7309" status="PASS">
          <reporter-output>
          </reporter-output>
        </test-method> <!-- setUp -->
        <test-method signature="verifyDealssLinkTest()[pri:4, instance:com.crm.qa.testcases.HomePageTest@4b44655e]" started-at="2026-06-19T22:21:00 IST" name="verifyDealssLinkTest" finished-at="2026-06-19T22:21:02 IST" duration-ms="2464" status="PASS">
          <reporter-output>
          </reporter-output>
        </test-method> <!-- verifyDealssLinkTest -->
        <test-method is-config="true" signature="tearDown()[pri:0, instance:com.crm.qa.testcases.HomePageTest@4b44655e]" started-at="2026-06-19T22:21:02 IST" name="tearDown" finished-at="2026-06-19T22:21:02 IST" duration-ms="266" status="PASS">
          <reporter-output>
          </reporter-output>
        </test-method> <!-- tearDown -->
        <test-method is-config="true" signature="setUp()[pri:0, instance:com.crm.qa.testcases.HomePageTest@4b44655e]" started-at="2026-06-19T22:21:02 IST" name="setUp" finished-at="2026-06-19T22:21:11 IST" duration-ms="8678" status="PASS">
          <reporter-output>
          </reporter-output>
        </test-method> <!-- setUp -->
        <test-method signature="verifyTasksLinkTest()[pri:5, instance:com.crm.qa.testcases.HomePageTest@4b44655e]" started-at="2026-06-19T22:21:11 IST" name="verifyTasksLinkTest" finished-at="2026-06-19T22:21:14 IST" duration-ms="2761" status="PASS">
          <reporter-output>
          </reporter-output>
        </test-method> <!-- verifyTasksLinkTest -->
        <test-method is-config="true" signature="tearDown()[pri:0, instance:com.crm.qa.testcases.HomePageTest@4b44655e]" started-at="2026-06-19T22:21:14 IST" name="tearDown" finished-at="2026-06-19T22:21:14 IST" duration-ms="213" status="PASS">
          <reporter-output>
          </reporter-output>
        </test-method> <!-- tearDown -->
      </class> <!-- com.crm.qa.testcases.HomePageTest -->
      <class name="com.crm.qa.testcases.ContactsPageTest">
        <test-method is-config="true" signature="setUp()[pri:0, instance:com.crm.qa.testcases.ContactsPageTest@5906ebcb]" started-at="2026-06-19T22:19:27 IST" name="setUp" finished-at="2026-06-19T22:19:41 IST" duration-ms="13447" status="PASS">
          <reporter-output>
          </reporter-output>
        </test-method> <!-- setUp -->
        <test-method signature="verifyContactsLabelTest()[pri:1, instance:com.crm.qa.testcases.ContactsPageTest@5906ebcb]" started-at="2026-06-19T22:19:41 IST" name="verifyContactsLabelTest" finished-at="2026-06-19T22:19:41 IST" duration-ms="33" status="PASS">
          <reporter-output>
          </reporter-output>
        </test-method> <!-- verifyContactsLabelTest -->
        <test-method is-config="true" signature="tearDown()[pri:0, instance:com.crm.qa.testcases.ContactsPageTest@5906ebcb]" started-at="2026-06-19T22:19:41 IST" name="tearDown" finished-at="2026-06-19T22:19:41 IST" duration-ms="202" status="PASS">
          <reporter-output>
          </reporter-output>
        </test-method> <!-- tearDown -->
        <test-method is-config="true" signature="setUp()[pri:0, instance:com.crm.qa.testcases.ContactsPageTest@5906ebcb]" started-at="2026-06-19T22:19:42 IST" name="setUp" finished-at="2026-06-19T22:19:51 IST" duration-ms="8813" status="PASS">
          <reporter-output>
          </reporter-output>
        </test-method> <!-- setUp -->
        <test-method signature="validateCreateNewContact(java.lang.String,java.lang.String)[pri:2, instance:com.crm.qa.testcases.ContactsPageTest@5906ebcb]" started-at="2026-06-19T22:19:51 IST" name="validateCreateNewContact" data-provider="getCRMTestData" finished-at="2026-06-19T22:19:52 IST" duration-ms="837" status="PASS">
          <params>
            <param index="0">
              <value>
                <![CDATA[Tom]]>
              </value>
            </param>
            <param index="1">
              <value>
                <![CDATA[Peter]]>
              </value>
            </param>
          </params>
          <reporter-output>
          </reporter-output>
        </test-method> <!-- validateCreateNewContact -->
        <test-method is-config="true" signature="tearDown()[pri:0, instance:com.crm.qa.testcases.ContactsPageTest@5906ebcb]" started-at="2026-06-19T22:19:52 IST" name="tearDown" finished-at="2026-06-19T22:19:52 IST" duration-ms="209" status="PASS">
          <reporter-output>
          </reporter-output>
        </test-method> <!-- tearDown -->
        <test-method is-config="true" signature="setUp()[pri:0, instance:com.crm.qa.testcases.ContactsPageTest@5906ebcb]" started-at="2026-06-19T22:19:52 IST" name="setUp" finished-at="2026-06-19T22:20:04 IST" duration-ms="12515" status="PASS">
          <reporter-output>
          </reporter-output>
        </test-method> <!-- setUp -->
        <test-method signature="validateCreateNewContact(java.lang.String,java.lang.String)[pri:2, instance:com.crm.qa.testcases.ContactsPageTest@5906ebcb]" started-at="2026-06-19T22:20:04 IST" name="validateCreateNewContact" data-provider="getCRMTestData" finished-at="2026-06-19T22:20:05 IST" duration-ms="832" status="PASS">
          <params>
            <param index="0">
              <value>
                <![CDATA[David]]>
              </value>
            </param>
            <param index="1">
              <value>
                <![CDATA[Cris]]>
              </value>
            </param>
          </params>
          <reporter-output>
          </reporter-output>
        </test-method> <!-- validateCreateNewContact -->
        <test-method is-config="true" signature="tearDown()[pri:0, instance:com.crm.qa.testcases.ContactsPageTest@5906ebcb]" started-at="2026-06-19T22:20:05 IST" name="tearDown" finished-at="2026-06-19T22:20:06 IST" duration-ms="219" status="PASS">
          <reporter-output>
          </reporter-output>
        </test-method> <!-- tearDown -->
        <test-method is-config="true" signature="setUp()[pri:0, instance:com.crm.qa.testcases.ContactsPageTest@5906ebcb]" started-at="2026-06-19T22:20:06 IST" name="setUp" finished-at="2026-06-19T22:20:17 IST" duration-ms="11854" status="PASS">
          <reporter-output>
          </reporter-output>
        </test-method> <!-- setUp -->
        <test-method signature="validateCreateNewContact(java.lang.String,java.lang.String)[pri:2, instance:com.crm.qa.testcases.ContactsPageTest@5906ebcb]" started-at="2026-06-19T22:20:17 IST" name="validateCreateNewContact" data-provider="getCRMTestData" finished-at="2026-06-19T22:20:18 IST" duration-ms="1024" status="PASS">
          <params>
            <param index="0">
              <value>
                <![CDATA[Sushma]]>
              </value>
            </param>
            <param index="1">
              <value>
                <![CDATA[Soni]]>
              </value>
            </param>
          </params>
          <reporter-output>
          </reporter-output>
        </test-method> <!-- validateCreateNewContact -->
        <test-method is-config="true" signature="tearDown()[pri:0, instance:com.crm.qa.testcases.ContactsPageTest@5906ebcb]" started-at="2026-06-19T22:20:18 IST" name="tearDown" finished-at="2026-06-19T22:20:19 IST" duration-ms="239" status="PASS">
          <reporter-output>
          </reporter-output>
        </test-method> <!-- tearDown -->
      </class> <!-- com.crm.qa.testcases.ContactsPageTest -->
      <class name="com.crm.qa.testcases.LoginPageTest">
        <test-method is-config="true" signature="setUp()[pri:0, instance:com.crm.qa.testcases.LoginPageTest@290d210d]" started-at="2026-06-19T22:21:14 IST" name="setUp" finished-at="2026-06-19T22:21:21 IST" duration-ms="7426" status="PASS">
          <reporter-output>
          </reporter-output>
        </test-method> <!-- setUp -->
        <test-method signature="loginPageTitleTest()[pri:1, instance:com.crm.qa.testcases.LoginPageTest@290d210d]" started-at="2026-06-19T22:21:21 IST" name="loginPageTitleTest" finished-at="2026-06-19T22:21:21 IST" duration-ms="7" status="PASS">
          <reporter-output>
          </reporter-output>
        </test-method> <!-- loginPageTitleTest -->
        <test-method is-config="true" signature="tearDown()[pri:0, instance:com.crm.qa.testcases.LoginPageTest@290d210d]" started-at="2026-06-19T22:21:21 IST" name="tearDown" finished-at="2026-06-19T22:21:22 IST" duration-ms="179" status="PASS">
          <reporter-output>
          </reporter-output>
        </test-method> <!-- tearDown -->
        <test-method is-config="true" signature="setUp()[pri:0, instance:com.crm.qa.testcases.LoginPageTest@290d210d]" started-at="2026-06-19T22:21:22 IST" name="setUp" finished-at="2026-06-19T22:21:33 IST" duration-ms="11037" status="PASS">
          <reporter-output>
          </reporter-output>
        </test-method> <!-- setUp -->
        <test-method signature="loginTest()[pri:2, instance:com.crm.qa.testcases.LoginPageTest@290d210d]" started-at="2026-06-19T22:21:33 IST" name="loginTest" finished-at="2026-06-19T22:21:33 IST" duration-ms="267" status="PASS">
          <reporter-output>
          </reporter-output>
        </test-method> <!-- loginTest -->
        <test-method is-config="true" signature="tearDown()[pri:0, instance:com.crm.qa.testcases.LoginPageTest@290d210d]" started-at="2026-06-19T22:21:33 IST" name="tearDown" finished-at="2026-06-19T22:21:33 IST" duration-ms="180" status="PASS">
          <reporter-output>
          </reporter-output>
        </test-method> <!-- tearDown -->
      </class> <!-- com.crm.qa.testcases.LoginPageTest -->
    </test> <!-- Surefire test -->
  </suite> <!-- Surefire suite -->
</testng-results>
