<?xml version="1.0" encoding="UTF-8"?>
<testng-results ignored="1" total="4" passed="3" failed="0" skipped="0">
  <reporter-output>
  </reporter-output>
  <suite started-at="2026-06-19T01:06:45 IST" name="Default suite" finished-at="2026-06-19T01:07:16 IST" duration-ms="30659">
    <groups>
    </groups>
    <test started-at="2026-06-19T01:06:45 IST" name="Default test" finished-at="2026-06-19T01:07:16 IST" duration-ms="30659">
      <class name="com.crm.qa.testcases.ContactsPageTest">
        <test-method is-config="true" signature="setUp()[pri:0, instance:com.crm.qa.testcases.ContactsPageTest@22ff4249]" started-at="2026-06-19T01:06:46 IST" name="setUp" finished-at="2026-06-19T01:06:54 IST" duration-ms="8299" status="PASS">
          <reporter-output>
          </reporter-output>
        </test-method> <!-- setUp -->
        <test-method signature="validateCreateNewContact(java.lang.String,java.lang.String)[pri:2, instance:com.crm.qa.testcases.ContactsPageTest@22ff4249]" started-at="2026-06-19T01:06:54 IST" name="validateCreateNewContact" data-provider="getCRMTestData" finished-at="2026-06-19T01:06:55 IST" duration-ms="877" status="PASS">
          <params>
            <param index="0">
              <value>
                <![CDATA[Tom]]>
              </value>
            </param>
            <param index="1">
              <value>
                <![CDATA[Peter]]>
              </value>
            </param>
          </params>
          <reporter-output>
          </reporter-output>
        </test-method> <!-- validateCreateNewContact -->
        <test-method is-config="true" signature="tearDown()[pri:0, instance:com.crm.qa.testcases.ContactsPageTest@22ff4249]" started-at="2026-06-19T01:06:55 IST" name="tearDown" finished-at="2026-06-19T01:06:55 IST" duration-ms="281" status="PASS">
          <reporter-output>
          </reporter-output>
        </test-method> <!-- tearDown -->
        <test-method is-config="true" signature="setUp()[pri:0, instance:com.crm.qa.testcases.ContactsPageTest@22ff4249]" started-at="2026-06-19T01:06:55 IST" name="setUp" finished-at="2026-06-19T01:07:05 IST" duration-ms="9642" status="PASS">
          <reporter-output>
          </reporter-output>
        </test-method> <!-- setUp -->
        <test-method signature="validateCreateNewContact(java.lang.String,java.lang.String)[pri:2, instance:com.crm.qa.testcases.ContactsPageTest@22ff4249]" started-at="2026-06-19T01:07:05 IST" name="validateCreateNewContact" data-provider="getCRMTestData" finished-at="2026-06-19T01:07:05 IST" duration-ms="854" status="PASS">
          <params>
            <param index="0">
              <value>
                <![CDATA[David]]>
              </value>
            </param>
            <param index="1">
              <value>
                <![CDATA[Cris]]>
              </value>
            </param>
          </params>
          <reporter-output>
          </reporter-output>
        </test-method> <!-- validateCreateNewContact -->
        <test-method is-config="true" signature="tearDown()[pri:0, instance:com.crm.qa.testcases.ContactsPageTest@22ff4249]" started-at="2026-06-19T01:07:05 IST" name="tearDown" finished-at="2026-06-19T01:07:06 IST" duration-ms="228" status="PASS">
          <reporter-output>
          </reporter-output>
        </test-method> <!-- tearDown -->
        <test-method is-config="true" signature="setUp()[pri:0, instance:com.crm.qa.testcases.ContactsPageTest@22ff4249]" started-at="2026-06-19T01:07:06 IST" name="setUp" finished-at="2026-06-19T01:07:14 IST" duration-ms="8650" status="PASS">
          <reporter-output>
          </reporter-output>
        </test-method> <!-- setUp -->
        <test-method signature="validateCreateNewContact(java.lang.String,java.lang.String)[pri:2, instance:com.crm.qa.testcases.ContactsPageTest@22ff4249]" started-at="2026-06-19T01:07:14 IST" name="validateCreateNewContact" data-provider="getCRMTestData" finished-at="2026-06-19T01:07:15 IST" duration-ms="889" status="PASS">
          <params>
            <param index="0">
              <value>
                <![CDATA[Sushma]]>
              </value>
            </param>
            <param index="1">
              <value>
                <![CDATA[Soni]]>
              </value>
            </param>
          </params>
          <reporter-output>
          </reporter-output>
        </test-method> <!-- validateCreateNewContact -->
        <test-method is-config="true" signature="tearDown()[pri:0, instance:com.crm.qa.testcases.ContactsPageTest@22ff4249]" started-at="2026-06-19T01:07:15 IST" name="tearDown" finished-at="2026-06-19T01:07:16 IST" duration-ms="247" status="PASS">
          <reporter-output>
          </reporter-output>
        </test-method> <!-- tearDown -->
      </class> <!-- com.crm.qa.testcases.ContactsPageTest -->
    </test> <!-- Default test -->
  </suite> <!-- Default suite -->
</testng-results>
