<?xml version="1.0" encoding="UTF-8"?>
<!-- Generated by org.testng.reporters.JUnitReportReporter -->
<testsuite hostname="DESKTOP-SE8A5VV" failures="0" tests="5" name="com.crm.qa.testcases.HomePageTest" time="62.293" errors="0" timestamp="2026-06-18T00:18:54 IST" skipped="0">
  <testcase classname="com.crm.qa.testcases.HomePageTest" name="verifyHomePageTitleTest" time="7.446"/>
  <testcase classname="com.crm.qa.testcases.HomePageTest" name="verifyCorrectUserName" time="10.660"/>
  <testcase classname="com.crm.qa.testcases.HomePageTest" name="verifyContactsLinkTest" time="18.092"/>
  <testcase classname="com.crm.qa.testcases.HomePageTest" name="verifyDealssLinkTest" time="10.709"/>
  <testcase classname="com.crm.qa.testcases.HomePageTest" name="verifyTasksLinkTest" time="15.386"/>
</testsuite> <!-- com.crm.qa.testcases.HomePageTest -->
