<?xml version="1.0" encoding="UTF-8"?>
<!-- Generated by org.testng.reporters.JUnitReportReporter -->
<testsuite hostname="DESKTOP-SE8A5VV" failures="0" tests="2" name="com.crm.qa.testcases.LoginPageTest" time="28.323" errors="0" timestamp="2026-06-18T00:18:54 IST" skipped="0">
  <testcase classname="com.crm.qa.testcases.LoginPageTest" name="loginPageTitleTest" time="9.592"/>
  <testcase classname="com.crm.qa.testcases.LoginPageTest" name="loginTest" time="18.731"/>
</testsuite> <!-- com.crm.qa.testcases.LoginPageTest -->
