<?xml version="1.0" encoding="UTF-8"?>
<!-- Generated by org.testng.reporters.JUnitReportReporter -->
<testsuite hostname="DESKTOP-SE8A5VV" failures="0" tests="3" name="com.crm.qa.testcases.ContactsPageTest" time="29.967" errors="0" timestamp="2026-06-19T01:07:16 IST" skipped="0">
  <testcase classname="com.crm.qa.testcases.ContactsPageTest" name="validateCreateNewContact" time="9.767"/>
  <testcase classname="com.crm.qa.testcases.ContactsPageTest" name="validateCreateNewContact" time="10.743"/>
  <testcase classname="com.crm.qa.testcases.ContactsPageTest" name="validateCreateNewContact" time="9.457"/>
</testsuite> <!-- com.crm.qa.testcases.ContactsPageTest -->
