<?xml version="1.0" encoding="UTF-8"?>
<!-- Generated by org.testng.reporters.JUnitReportReporter -->
<testsuite hostname="DESKTOP-SE8A5VV" failures="0" tests="5" name="com.crm.qa.testcases.HomePageTest" time="55.411" errors="0" timestamp="2026-06-19T22:21:33 IST" skipped="0">
  <testcase classname="com.crm.qa.testcases.HomePageTest" name="verifyHomePageTitleTest" time="8.952"/>
  <testcase classname="com.crm.qa.testcases.HomePageTest" name="verifyCorrectUserName" time="11.427"/>
  <testcase classname="com.crm.qa.testcases.HomePageTest" name="verifyContactsLinkTest" time="13.223"/>
  <testcase classname="com.crm.qa.testcases.HomePageTest" name="verifyDealssLinkTest" time="11.540"/>
  <testcase classname="com.crm.qa.testcases.HomePageTest" name="verifyTasksLinkTest" time="10.269"/>
</testsuite> <!-- com.crm.qa.testcases.HomePageTest -->
