<?xml version="1.0" encoding="UTF-8"?>
<!-- Generated by org.testng.reporters.JUnitReportReporter -->
<testsuite hostname="DESKTOP-SE8A5VV" failures="0" tests="2" name="com.crm.qa.testcases.LoginPageTest" time="19.096" errors="0" timestamp="2026-06-19T22:21:33 IST" skipped="0">
  <testcase classname="com.crm.qa.testcases.LoginPageTest" name="loginPageTitleTest" time="7.613"/>
  <testcase classname="com.crm.qa.testcases.LoginPageTest" name="loginTest" time="11.483"/>
</testsuite> <!-- com.crm.qa.testcases.LoginPageTest -->
